Project assignment 3/MODSExplorer/app/build/outputs/logs/manifest-merger-release-report.txt
-- Merging decision tree log ---
manifest
ADDED from AndroidManifest.xml:1:1
	xmlns:android
		ADDED from AndroidManifest.xml:2:5
	package
		ADDED from AndroidManifest.xml:3:5
		INJECTED from AndroidManifest.xml:0:0
		INJECTED from AndroidManifest.xml:0:0
	android:versionName
		ADDED from AndroidManifest.xml:5:5
	android:versionCode
		ADDED from AndroidManifest.xml:4:5
		INJECTED from AndroidManifest.xml:0:0
		INJECTED from AndroidManifest.xml:0:0
uses-sdk
ADDED from AndroidManifest.xml:7:5
MERGED from com.android.support:appcompat-v7:19.1.0:18:5
	android:targetSdkVersion
		ADDED from AndroidManifest.xml:9:9
		INJECTED from AndroidManifest.xml:0:0
		INJECTED from AndroidManifest.xml:0:0
	android:minSdkVersion
		ADDED from AndroidManifest.xml:8:9
		INJECTED from AndroidManifest.xml:0:0
		INJECTED from AndroidManifest.xml:0:0
uses-permission#android.permission.INTERNET
ADDED from AndroidManifest.xml:11:5
	android:name
		ADDED from AndroidManifest.xml:12:9
uses-permission#android.permission.ACCESS_NETWORK_STATE
ADDED from AndroidManifest.xml:13:3
	android:name
		ADDED from AndroidManifest.xml:14:7
uses-permission#android.permission.NFC
ADDED from AndroidManifest.xml:15:3
	android:name
		ADDED from AndroidManifest.xml:16:7
application
ADDED from AndroidManifest.xml:18:5
MERGED from com.android.support:appcompat-v7:19.1.0:19:5
	android:label
		ADDED from AndroidManifest.xml:21:9
	android:allowBackup
		ADDED from AndroidManifest.xml:19:9
	android:icon
		ADDED from AndroidManifest.xml:20:9
	android:theme
		ADDED from AndroidManifest.xml:22:9
intent-filter#android.nfc.action.TECH_DISCOVERED
ADDED from AndroidManifest.xml:24:9
action#android.nfc.action.TECH_DISCOVERED
ADDED from AndroidManifest.xml:25:7
	android:name
		ADDED from AndroidManifest.xml:25:15
intent-filter#android.nfc.action.NDEF_DISCOVERED
ADDED from AndroidManifest.xml:28:5
action#android.nfc.action.NDEF_DISCOVERED
ADDED from AndroidManifest.xml:29:7
	android:name
		ADDED from AndroidManifest.xml:29:15
intent-filter#android.intent.category.DEFAULT+android.nfc.action.TAG_DISCOVERED
ADDED from AndroidManifest.xml:32:3
action#android.nfc.action.TAG_DISCOVERED
ADDED from AndroidManifest.xml:33:4
	android:name
		ADDED from AndroidManifest.xml:33:12
category#android.intent.category.DEFAULT
ADDED from AndroidManifest.xml:34:4
	android:name
		ADDED from AndroidManifest.xml:34:14
activity#com.example.modsexplorer.WelcomeScreen
ADDED from AndroidManifest.xml:37:9
	android:label
		ADDED from AndroidManifest.xml:39:13
	android:name
		ADDED from AndroidManifest.xml:38:13
activity#com.example.modsexplorer.MainMenuScreen
ADDED from AndroidManifest.xml:44:9
	android:screenOrientation
		ADDED from AndroidManifest.xml:47:13
	android:label
		ADDED from AndroidManifest.xml:46:13
	android:name
		ADDED from AndroidManifest.xml:45:13
intent-filter#android.intent.action.MAIN+android.intent.category.LAUNCHER
ADDED from AndroidManifest.xml:48:9
action#android.intent.action.MAIN
ADDED from AndroidManifest.xml:49:13
	android:name
		ADDED from AndroidManifest.xml:49:21
category#android.intent.category.LAUNCHER
ADDED from AndroidManifest.xml:51:13
	android:name
		ADDED from AndroidManifest.xml:51:23
activity#com.example.modsexplorer.SignUpScreen
ADDED from AndroidManifest.xml:55:9
	android:label
		ADDED from AndroidManifest.xml:57:13
	android:parentActivityName
		ADDED from AndroidManifest.xml:58:13
	android:name
		ADDED from AndroidManifest.xml:56:13
meta-data#android.support.PARENT_ACTIVITY
ADDED from AndroidManifest.xml:60:13
	android:name
		ADDED from AndroidManifest.xml:61:14
	android:value
		ADDED from AndroidManifest.xml:62:14
activity#com.example.modsexplorer.LogInScreen
ADDED from AndroidManifest.xml:65:9
	android:label
		ADDED from AndroidManifest.xml:67:13
	android:parentActivityName
		ADDED from AndroidManifest.xml:68:13
	android:name
		ADDED from AndroidManifest.xml:66:13
activity#com.example.modsexplorer.Schedule
ADDED from AndroidManifest.xml:74:9
	android:label
		ADDED from AndroidManifest.xml:76:13
	android:parentActivityName
		ADDED from AndroidManifest.xml:77:13
	android:name
		ADDED from AndroidManifest.xml:75:13
activity#com.example.modsexplorer.MODSExplorerMap
ADDED from AndroidManifest.xml:83:9
	android:label
		ADDED from AndroidManifest.xml:85:13
	android:parentActivityName
		ADDED from AndroidManifest.xml:86:13
	android:name
		ADDED from AndroidManifest.xml:84:13
activity#com.example.modsexplorer.NFCMODSREAD
ADDED from AndroidManifest.xml:92:9
	android:label
		ADDED from AndroidManifest.xml:94:13
	android:name
		ADDED from AndroidManifest.xml:93:13
activity#com.example.modsexplorer.MODSExplorerStickers
ADDED from AndroidManifest.xml:96:9
	android:label
		ADDED from AndroidManifest.xml:98:13
	android:name
		ADDED from AndroidManifest.xml:97:13
receiver#com.example.modsexplorer.MyBroadcastReceiver
ADDED from AndroidManifest.xml:100:9
	android:name
		ADDED from AndroidManifest.xml:100:19
intent-filter#app.mods.org.mainpage
ADDED from AndroidManifest.xml:101:13
action#app.mods.org.mainpage
ADDED from AndroidManifest.xml:102:17
	android:name
		ADDED from AndroidManifest.xml:102:25